{"level":"error","message":"USUARIO NO AUTENTICADO, DEBE LOGUEARSE"}
{"level":"error","message":"Error en la conexion de MongoDB:  IF is not defined","stack":"ReferenceError: IF is not defined\n    at Function.iniciarPersistencia (file:///C:/Users/juanp/OneDrive/Escritorio/Desafio-16-Logs,Debug-y-Profiling/src/contenedores/contenedorMongoDB.js:12:13)\n    at file:///C:/Users/juanp/OneDrive/Escritorio/Desafio-16-Logs,Debug-y-Profiling/src/index.js:15:27"}
{"level":"error","message":"Error en la conexion de MongoDB:  condition is not defined","stack":"ReferenceError: condition is not defined\n    at Function.iniciarPersistencia (file:///C:/Users/juanp/OneDrive/Escritorio/Desafio-16-Logs,Debug-y-Profiling/src/contenedores/contenedorMongoDB.js:12:13)\n    at file:///C:/Users/juanp/OneDrive/Escritorio/Desafio-16-Logs,Debug-y-Profiling/src/index.js:15:27"}
{"level":"error","message":"Error en la conexion de MongoDB:  N is not defined","stack":"ReferenceError: N is not defined\n    at Function.iniciarPersistencia (file:///C:/Users/juanp/OneDrive/Escritorio/Desafio-16-Logs,Debug-y-Profiling/src/contenedores/contenedorMongoDB.js:12:13)\n    at file:///C:/Users/juanp/OneDrive/Escritorio/Desafio-16-Logs,Debug-y-Profiling/src/index.js:15:27"}
{"level":"error","message":"Error en la conexion de MongoDB:  NODE_ENV is not defined","stack":"ReferenceError: NODE_ENV is not defined\n    at Function.iniciarPersistencia (file:///C:/Users/juanp/OneDrive/Escritorio/Desafio-16-Logs,Debug-y-Profiling/src/contenedores/contenedorMongoDB.js:12:13)\n    at file:///C:/Users/juanp/OneDrive/Escritorio/Desafio-16-Logs,Debug-y-Profiling/src/index.js:15:27"}
{"level":"error","message":"Error en la conexion de MongoDB:  NODE_ENV is not defined","stack":"ReferenceError: NODE_ENV is not defined\n    at Function.iniciarPersistencia (file:///C:/Users/juanp/OneDrive/Escritorio/Desafio-16-Logs,Debug-y-Profiling/src/contenedores/contenedorMongoDB.js:12:13)\n    at file:///C:/Users/juanp/OneDrive/Escritorio/Desafio-16-Logs,Debug-y-Profiling/src/index.js:15:27"}
{"level":"error","message":"USUARIO NO AUTENTICADO, DEBE LOGUEARSE"}
{"level":"error","message":"Usuario no encontrado"}
{"level":"error","message":"USUARIO NO AUTENTICADO, DEBE LOGUEARSE"}
{"level":"error","message":"Usuario no encontrado"}
{"level":"error","message":"Usuario no encontrado"}
{"level":"error","message":"Usuario no encontrado"}
{"level":"error","message":"USUARIO NO AUTENTICADO, DEBE LOGUEARSE"}
{"level":"error","message":"USUARIO NO AUTENTICADO, DEBE LOGUEARSE"}
{"level":"error","message":"Usuario ya registrado"}
{"level":"error","message":"Usuario ya registrado"}
{"level":"error","message":"Usuario ya registrado"}
{"level":"error","message":"Usuario ya registrado"}
{"level":"error","message":"Usuario ya registrado"}
{"level":"error","message":"Usuario ya registrado"}
{"level":"error","message":"Usuario ya registrado"}
{"level":"error","message":"Usuario ya registrado"}
{"level":"error","message":"Usuario ya registrado"}
{"level":"error","message":"Usuario ya registrado"}
{"level":"error","message":"Usuario ya registrado"}
{"level":"error","message":"Usuario ya registrado"}
{"level":"error","message":"Usuario ya registrado"}
{"level":"error","message":"Usuario ya registrado"}
{"level":"error","message":"Usuario ya registrado"}
{"level":"error","message":"Usuario ya registrado"}
{"level":"error","message":"Usuario ya registrado"}
{"level":"error","message":"Usuario ya registrado"}
{"level":"error","message":"Usuario ya registrado"}
{"level":"error","message":"Usuario ya registrado"}
{"level":"error","message":"Usuario ya registrado"}
{"level":"error","message":"Usuario ya registrado"}
{"level":"error","message":"Usuario ya registrado"}
{"level":"error","message":"Usuario ya registrado"}
{"level":"error","message":"Usuario ya registrado"}
{"level":"error","message":"Usuario ya registrado"}
{"level":"error","message":"Usuario ya registrado"}
{"level":"error","message":"Usuario ya registrado"}
{"level":"error","message":"Usuario ya registrado"}
{"level":"error","message":"Usuario ya registrado"}
{"level":"error","message":"Usuario ya registrado"}
{"level":"error","message":"Usuario ya registrado"}
{"level":"error","message":"Usuario ya registrado"}
{"level":"error","message":"Usuario ya registrado"}
{"level":"error","message":"Usuario ya registrado"}
{"level":"error","message":"Usuario ya registrado"}
{"level":"error","message":"Usuario ya registrado"}
{"level":"error","message":"Usuario ya registrado"}
{"level":"error","message":"Usuario ya registrado"}
{"level":"error","message":"Usuario ya registrado"}
{"level":"error","message":"Usuario ya registrado"}
{"level":"error","message":"Usuario ya registrado"}
{"level":"error","message":"Usuario ya registrado"}
{"level":"error","message":"Usuario ya registrado"}
{"level":"error","message":"Usuario ya registrado"}
{"level":"warn","message":"Ruta actual: /img/flags.png, con metodo GET "}
{"level":"error","message":"USUARIO NO AUTENTICADO, DEBE LOGUEARSE"}
{"level":"error","message":"Error en la conexion de MongoDB:  connect ECONNREFUSED 127.0.0.1:27017","reason":{"compatible":true,"heartbeatFrequencyMS":10000,"localThresholdMS":15,"servers":{},"stale":false,"type":"Unknown"},"stack":"MongooseServerSelectionError: connect ECONNREFUSED 127.0.0.1:27017\n    at NativeConnection.Connection.openUri (C:\\Users\\juanp\\OneDrive\\Escritorio\\Desafio-16-Logs,Debug-y-Profiling\\node_modules\\mongoose\\lib\\connection.js:824:32)\n    at C:\\Users\\juanp\\OneDrive\\Escritorio\\Desafio-16-Logs,Debug-y-Profiling\\node_modules\\mongoose\\lib\\index.js:380:10\n    at C:\\Users\\juanp\\OneDrive\\Escritorio\\Desafio-16-Logs,Debug-y-Profiling\\node_modules\\mongoose\\lib\\helpers\\promiseOrCallback.js:41:5\n    at new Promise (<anonymous>)\n    at promiseOrCallback (C:\\Users\\juanp\\OneDrive\\Escritorio\\Desafio-16-Logs,Debug-y-Profiling\\node_modules\\mongoose\\lib\\helpers\\promiseOrCallback.js:40:10)\n    at Mongoose._promiseOrCallback (C:\\Users\\juanp\\OneDrive\\Escritorio\\Desafio-16-Logs,Debug-y-Profiling\\node_modules\\mongoose\\lib\\index.js:1225:10)\n    at Mongoose.connect (C:\\Users\\juanp\\OneDrive\\Escritorio\\Desafio-16-Logs,Debug-y-Profiling\\node_modules\\mongoose\\lib\\index.js:379:20)\n    at Function.iniciarPersistencia (file:///C:/Users/juanp/OneDrive/Escritorio/Desafio-16-Logs,Debug-y-Profiling/src/contenedores/contenedorMongoDB.js:20:28)\n    at file:///C:/Users/juanp/OneDrive/Escritorio/Desafio-16-Logs,Debug-y-Profiling/src/index.js:15:27"}
{"level":"error","message":"Error en la conexion de MongoDB:  connect ECONNREFUSED 127.0.0.1:27017","reason":{"compatible":true,"heartbeatFrequencyMS":10000,"localThresholdMS":15,"servers":{},"stale":false,"type":"Unknown"},"stack":"MongooseServerSelectionError: connect ECONNREFUSED 127.0.0.1:27017\n    at NativeConnection.Connection.openUri (C:\\Users\\juanp\\OneDrive\\Escritorio\\Desafio-16-Logs,Debug-y-Profiling\\node_modules\\mongoose\\lib\\connection.js:824:32)\n    at C:\\Users\\juanp\\OneDrive\\Escritorio\\Desafio-16-Logs,Debug-y-Profiling\\node_modules\\mongoose\\lib\\index.js:380:10\n    at C:\\Users\\juanp\\OneDrive\\Escritorio\\Desafio-16-Logs,Debug-y-Profiling\\node_modules\\mongoose\\lib\\helpers\\promiseOrCallback.js:41:5\n    at new Promise (<anonymous>)\n    at promiseOrCallback (C:\\Users\\juanp\\OneDrive\\Escritorio\\Desafio-16-Logs,Debug-y-Profiling\\node_modules\\mongoose\\lib\\helpers\\promiseOrCallback.js:40:10)\n    at Mongoose._promiseOrCallback (C:\\Users\\juanp\\OneDrive\\Escritorio\\Desafio-16-Logs,Debug-y-Profiling\\node_modules\\mongoose\\lib\\index.js:1225:10)\n    at Mongoose.connect (C:\\Users\\juanp\\OneDrive\\Escritorio\\Desafio-16-Logs,Debug-y-Profiling\\node_modules\\mongoose\\lib\\index.js:379:20)\n    at Function.iniciarPersistencia (file:///C:/Users/juanp/OneDrive/Escritorio/Desafio-16-Logs,Debug-y-Profiling/src/contenedores/contenedorMongoDB.js:20:28)\n    at file:///C:/Users/juanp/OneDrive/Escritorio/Desafio-16-Logs,Debug-y-Profiling/src/index.js:15:27"}
{"level":"error","message":"Usuario no encontrado"}
{"level":"error","message":"USUARIO NO AUTENTICADO, DEBE LOGUEARSE"}
{"level":"error","message":"Usuario ya registrado"}
{"level":"error","message":"USUARIO NO AUTENTICADO, DEBE LOGUEARSE"}
{"level":"error","message":"USUARIO NO AUTENTICADO, DEBE LOGUEARSE"}
{"level":"warn","message":"Ruta actual: /1660536580152-logo%20GitHub.png, con metodo GET "}
{"level":"warn","message":"Ruta actual: /1660536580152-logo%20GitHub.png, con metodo GET "}
{"level":"warn","message":"Ruta actual: /imagenes/iconos/Vector.png, con metodo GET "}
{"level":"warn","message":"Ruta actual: /imagenes/iconos/Vector-1.png, con metodo GET "}
{"level":"warn","message":"Ruta actual: /imagenes/iconos/Vector-2.png, con metodo GET "}
{"level":"warn","message":"Ruta actual: /imagenes/iconos/ico%20Instagram.svg, con metodo GET "}
{"level":"warn","message":"Ruta actual: /imagenes/iconos/ico%20Linkedin.svg, con metodo GET "}
{"level":"warn","message":"Ruta actual: /imagenes/iconos/icomoon-free_facebook.svg, con metodo GET "}
{"level":"error","message":"Usuario no encontrado"}
{"level":"error","message":"Usuario no encontrado"}
{"level":"warn","message":"Ruta actual: /favicon.ico, con metodo GET "}
{"level":"error","message":"USUARIO NO AUTENTICADO, DEBE LOGUEARSE"}
{"level":"warn","message":"Ruta actual: /u, con metodo GET "}
{"level":"warn","message":"Ruta actual: /u, con metodo GET "}
{"level":"warn","message":"Ruta actual: /u, con metodo GET "}
{"level":"warn","message":"Ruta actual: /u, con metodo GET "}
{"level":"warn","message":"Ruta actual: /u, con metodo GET "}
{"level":"warn","message":"Ruta actual: /u, con metodo GET "}
{"level":"warn","message":"Ruta actual: /favicon.ico, con metodo GET "}
{"level":"warn","message":"Ruta actual: /u, con metodo GET "}
{"level":"warn","message":"Ruta actual: /u, con metodo GET "}
{"level":"warn","message":"Ruta actual: /u, con metodo GET "}
{"level":"error","message":"USUARIO NO AUTENTICADO, DEBE LOGUEARSE"}
{"level":"warn","message":"Ruta actual: /u, con metodo GET "}
{"level":"warn","message":"Ruta actual: /u, con metodo GET "}
{"level":"warn","message":"Ruta actual: /u, con metodo GET "}
{"level":"warn","message":"Ruta actual: /u, con metodo GET "}
{"level":"warn","message":"Ruta actual: /u, con metodo GET "}
{"level":"warn","message":"Ruta actual: /u, con metodo GET "}
{"level":"warn","message":"Ruta actual: /u, con metodo GET "}
{"level":"warn","message":"Ruta actual: /u, con metodo GET "}
{"level":"warn","message":"Ruta actual: /u, con metodo GET "}
{"level":"warn","message":"Ruta actual: /u, con metodo GET "}
{"level":"warn","message":"Ruta actual: /u, con metodo GET "}
{"level":"warn","message":"Ruta actual: /u, con metodo GET "}
{"level":"warn","message":"Ruta actual: /u, con metodo GET "}
{"level":"warn","message":"Ruta actual: /u, con metodo GET "}
{"level":"warn","message":"Ruta actual: /u, con metodo GET "}
{"level":"warn","message":"Ruta actual: /u, con metodo GET "}
{"level":"error","message":"USUARIO NO AUTENTICADO, DEBE LOGUEARSE"}
{"level":"error","message":"Usuario ya registrado"}
{"level":"error","message":"Usuario ya registrado"}
{"level":"error","message":"Usuario ya registrado"}
{"level":"error","message":"Usuario ya registrado"}
{"level":"warn","message":"Ruta actual: /avatares/, con metodo GET "}
{"level":"error","message":"USUARIO NO AUTENTICADO, DEBE LOGUEARSE"}
{"level":"warn","message":"Ruta actual: /avatares/, con metodo GET "}
{"level":"error","message":"USUARIO NO AUTENTICADO, DEBE LOGUEARSE"}
{"level":"error","message":"USUARIO NO AUTENTICADO, DEBE LOGUEARSE"}
{"level":"error","message":"Usuario ya registrado"}
{"level":"warn","message":"Ruta actual: /jjj, con metodo GET "}
{"level":"warn","message":"Ruta actual: /jjj, con metodo GET "}
{"level":"warn","message":"Ruta actual: /jjj, con metodo GET "}
{"level":"warn","message":"Ruta actual: /jjj, con metodo GET "}
{"level":"warn","message":"Ruta actual: /jjj, con metodo GET "}
{"level":"warn","message":"Ruta actual: /jjj, con metodo GET "}
{"level":"error","message":"USUARIO NO AUTENTICADO, DEBE LOGUEARSE"}
{"level":"warn","message":"Ruta actual: /jjj, con metodo GET "}
{"level":"warn","message":"Ruta actual: /kkkkkk, con metodo GET "}
{"level":"warn","message":"Ruta actual: /jjj, con metodo GET "}
{"level":"warn","message":"Ruta actual: /kkkkkk, con metodo GET "}
{"level":"warn","message":"Ruta actual: /jjj, con metodo GET "}
{"level":"warn","message":"Ruta actual: /jjj, con metodo GET "}
{"level":"warn","message":"Ruta actual: /kkkkkk, con metodo GET "}
{"level":"warn","message":"Ruta actual: /jjj, con metodo GET "}
{"level":"warn","message":"Ruta actual: /kkkkkk, con metodo GET "}
{"level":"warn","message":"Ruta actual: /jjj, con metodo GET "}
{"level":"warn","message":"Ruta actual: /kkkkkk, con metodo GET "}
{"level":"warn","message":"Ruta actual: /jjj, con metodo GET "}
{"level":"warn","message":"Ruta actual: /kkkkkk, con metodo GET "}
{"level":"warn","message":"Ruta actual: /jjj, con metodo GET "}
{"level":"warn","message":"Ruta actual: /kkkkkk, con metodo GET "}
{"level":"warn","message":"Ruta actual: /jjj, con metodo GET "}
{"level":"warn","message":"Ruta actual: /kkkkkk, con metodo GET "}
{"level":"warn","message":"Ruta actual: /jjj, con metodo GET "}
{"level":"warn","message":"Ruta actual: /kkkkkk, con metodo GET "}
{"level":"warn","message":"Ruta actual: /jjj, con metodo GET "}
{"level":"warn","message":"Ruta actual: /kkkkkk, con metodo GET "}
{"level":"warn","message":"Ruta actual: /jjj, con metodo GET "}
{"level":"warn","message":"Ruta actual: /kkkkkk, con metodo GET "}
{"level":"error","message":"USUARIO NO AUTENTICADO, DEBE LOGUEARSE"}
{"level":"warn","message":"Ruta actual: /g, con metodo GET "}
{"level":"warn","message":"Ruta actual: /favicon.ico, con metodo GET "}
{"level":"warn","message":"Ruta actual: /g, con metodo GET "}
{"level":"error","message":"Usuario ya registrado"}
{"level":"error","message":"Usuario no encontrado"}
{"level":"warn","message":"Ruta actual: /g, con metodo GET "}
{"level":"error","message":"Usuario no encontrado"}
{"level":"error","message":"Usuario no encontrado"}
{"level":"error","message":"Usuario ya registrado"}
{"level":"warn","message":"Ruta actual: /g, con metodo GET "}
{"level":"warn","message":"Ruta actual: /g, con metodo GET "}
{"level":"warn","message":"Ruta actual: /g, con metodo GET "}
{"level":"warn","message":"Ruta actual: /g, con metodo GET "}
{"level":"warn","message":"Ruta actual: /g, con metodo GET "}
{"level":"error","message":"Usuario ya registrado"}
{"level":"warn","message":"Ruta actual: /g, con metodo GET "}
{"level":"error","message":"Usuario ya registrado"}
{"level":"error","message":"Error al borrar imagen: Error: ENOENT: no such file or directory, unlink 'C:\\Users\\juanp\\OneDrive\\Escritorio\\Desafio-16-Logs,Debug-y-Profiling\\1660588055176-lgoYarn.png' "}
{"level":"error","message":"Usuario ya registrado"}
{"level":"error","message":"Usuario ya registrado"}
{"level":"error","message":"Usuario ya registrado"}
{"level":"error","message":"Error al borrar imagen: TypeError [ERR_INVALID_CALLBACK]: Callback must be a function. Received undefined "}
{"level":"error","message":"Usuario ya registrado"}
{"level":"error","message":"USUARIO NO AUTENTICADO, DEBE LOGUEARSE"}
{"level":"warn","message":"Ruta actual: /index.js, con metodo GET "}
{"level":"warn","message":"Ruta actual: /phone.js, con metodo GET "}
{"level":"warn","message":"Ruta actual: /index.js, con metodo GET "}
{"level":"warn","message":"Ruta actual: /phone.js, con metodo GET "}
{"level":"warn","message":"Ruta actual: /index.js, con metodo GET "}
{"level":"warn","message":"Ruta actual: /phone.js, con metodo GET "}
{"level":"warn","message":"Ruta actual: /index.js, con metodo GET "}
{"level":"warn","message":"Ruta actual: /phone.js, con metodo GET "}
{"level":"warn","message":"Ruta actual: /index.js, con metodo GET "}
{"level":"warn","message":"Ruta actual: /phone.js, con metodo GET "}
{"level":"warn","message":"Ruta actual: /index.js, con metodo GET "}
{"level":"warn","message":"Ruta actual: /style.css, con metodo GET "}
{"level":"warn","message":"Ruta actual: /logo%20jpb%201.svg, con metodo GET "}
{"level":"warn","message":"Ruta actual: /logo%20jpb%201.svg, con metodo GET "}
{"level":"warn","message":"Ruta actual: /logo%20jpb%201.svg, con metodo GET "}
{"level":"warn","message":"Ruta actual: /favicon.ico, con metodo GET "}
{"level":"warn","message":"Ruta actual: /favicon.ico, con metodo GET "}
{"level":"error","message":"USUARIO NO AUTENTICADO, DEBE LOGUEARSE"}
{"level":"warn","message":"Ruta actual: /k, con metodo GET "}
{"level":"warn","message":"Ruta actual: /k, con metodo GET "}
{"level":"warn","message":"Ruta actual: /k, con metodo GET "}
{"level":"warn","message":"Ruta actual: /api/js/index.js, con metodo GET "}
{"level":"warn","message":"Ruta actual: /api/js/phone.js, con metodo GET "}
{"level":"warn","message":"Ruta actual: /k, con metodo GET "}
{"level":"warn","message":"Ruta actual: /k, con metodo GET "}
{"level":"warn","message":"Ruta actual: /k, con metodo GET "}
{"level":"warn","message":"Ruta actual: /favicon.ico, con metodo GET "}
{"level":"warn","message":"Ruta actual: /k, con metodo GET "}
{"level":"warn","message":"Ruta actual: /k, con metodo GET "}
{"level":"error","message":"Usuario ya registrado"}
{"level":"error","message":"Usuario ya registrado"}
{"level":"error","message":"USUARIO NO AUTENTICADO, DEBE LOGUEARSE"}
{"level":"error","message":"USUARIO NO AUTENTICADO, DEBE LOGUEARSE"}
{"level":"error","message":"Este es  el error al leer usuario en logueo:  Cannot read properties of undefined (reading 'leer')","stack":"TypeError: Cannot read properties of undefined (reading 'leer')\n    at Strategy._verify (file:///C:/Users/juanp/OneDrive/Escritorio/Desafio-18-3er-Entrega/servidorHBS.js:110:31)\n    at Strategy.authenticate (C:\\Users\\juanp\\OneDrive\\Escritorio\\Desafio-18-3er-Entrega\\node_modules\\passport-local\\lib\\strategy.js:90:12)\n    at attempt (C:\\Users\\juanp\\OneDrive\\Escritorio\\Desafio-18-3er-Entrega\\node_modules\\passport\\lib\\middleware\\authenticate.js:369:16)\n    at authenticate (C:\\Users\\juanp\\OneDrive\\Escritorio\\Desafio-18-3er-Entrega\\node_modules\\passport\\lib\\middleware\\authenticate.js:370:7)\n    at Layer.handle [as handle_request] (C:\\Users\\juanp\\OneDrive\\Escritorio\\Desafio-18-3er-Entrega\\node_modules\\express\\lib\\router\\layer.js:95:5)\n    at next (C:\\Users\\juanp\\OneDrive\\Escritorio\\Desafio-18-3er-Entrega\\node_modules\\express\\lib\\router\\route.js:144:13)\n    at Route.dispatch (C:\\Users\\juanp\\OneDrive\\Escritorio\\Desafio-18-3er-Entrega\\node_modules\\express\\lib\\router\\route.js:114:3)\n    at Layer.handle [as handle_request] (C:\\Users\\juanp\\OneDrive\\Escritorio\\Desafio-18-3er-Entrega\\node_modules\\express\\lib\\router\\layer.js:95:5)\n    at C:\\Users\\juanp\\OneDrive\\Escritorio\\Desafio-18-3er-Entrega\\node_modules\\express\\lib\\router\\index.js:284:15\n    at Function.process_params (C:\\Users\\juanp\\OneDrive\\Escritorio\\Desafio-18-3er-Entrega\\node_modules\\express\\lib\\router\\index.js:346:12)"}
{"level":"error","message":"Este es  el error al leer usuario en logueo:  Cannot read properties of undefined (reading 'leer')","stack":"TypeError: Cannot read properties of undefined (reading 'leer')\n    at Strategy._verify (file:///C:/Users/juanp/OneDrive/Escritorio/Desafio-18-3er-Entrega/servidorHBS.js:110:31)\n    at Strategy.authenticate (C:\\Users\\juanp\\OneDrive\\Escritorio\\Desafio-18-3er-Entrega\\node_modules\\passport-local\\lib\\strategy.js:90:12)\n    at attempt (C:\\Users\\juanp\\OneDrive\\Escritorio\\Desafio-18-3er-Entrega\\node_modules\\passport\\lib\\middleware\\authenticate.js:369:16)\n    at authenticate (C:\\Users\\juanp\\OneDrive\\Escritorio\\Desafio-18-3er-Entrega\\node_modules\\passport\\lib\\middleware\\authenticate.js:370:7)\n    at Layer.handle [as handle_request] (C:\\Users\\juanp\\OneDrive\\Escritorio\\Desafio-18-3er-Entrega\\node_modules\\express\\lib\\router\\layer.js:95:5)\n    at next (C:\\Users\\juanp\\OneDrive\\Escritorio\\Desafio-18-3er-Entrega\\node_modules\\express\\lib\\router\\route.js:144:13)\n    at Route.dispatch (C:\\Users\\juanp\\OneDrive\\Escritorio\\Desafio-18-3er-Entrega\\node_modules\\express\\lib\\router\\route.js:114:3)\n    at Layer.handle [as handle_request] (C:\\Users\\juanp\\OneDrive\\Escritorio\\Desafio-18-3er-Entrega\\node_modules\\express\\lib\\router\\layer.js:95:5)\n    at C:\\Users\\juanp\\OneDrive\\Escritorio\\Desafio-18-3er-Entrega\\node_modules\\express\\lib\\router\\index.js:284:15\n    at Function.process_params (C:\\Users\\juanp\\OneDrive\\Escritorio\\Desafio-18-3er-Entrega\\node_modules\\express\\lib\\router\\index.js:346:12)"}
{"level":"error","message":"Este es  el error al leer usuario en logueo:  Cannot read properties of undefined (reading 'leer')","stack":"TypeError: Cannot read properties of undefined (reading 'leer')\n    at Strategy._verify (file:///C:/Users/juanp/OneDrive/Escritorio/Desafio-18-3er-Entrega/servidorHBS.js:110:31)\n    at Strategy.authenticate (C:\\Users\\juanp\\OneDrive\\Escritorio\\Desafio-18-3er-Entrega\\node_modules\\passport-local\\lib\\strategy.js:90:12)\n    at attempt (C:\\Users\\juanp\\OneDrive\\Escritorio\\Desafio-18-3er-Entrega\\node_modules\\passport\\lib\\middleware\\authenticate.js:369:16)\n    at authenticate (C:\\Users\\juanp\\OneDrive\\Escritorio\\Desafio-18-3er-Entrega\\node_modules\\passport\\lib\\middleware\\authenticate.js:370:7)\n    at Layer.handle [as handle_request] (C:\\Users\\juanp\\OneDrive\\Escritorio\\Desafio-18-3er-Entrega\\node_modules\\express\\lib\\router\\layer.js:95:5)\n    at next (C:\\Users\\juanp\\OneDrive\\Escritorio\\Desafio-18-3er-Entrega\\node_modules\\express\\lib\\router\\route.js:144:13)\n    at Route.dispatch (C:\\Users\\juanp\\OneDrive\\Escritorio\\Desafio-18-3er-Entrega\\node_modules\\express\\lib\\router\\route.js:114:3)\n    at Layer.handle [as handle_request] (C:\\Users\\juanp\\OneDrive\\Escritorio\\Desafio-18-3er-Entrega\\node_modules\\express\\lib\\router\\layer.js:95:5)\n    at C:\\Users\\juanp\\OneDrive\\Escritorio\\Desafio-18-3er-Entrega\\node_modules\\express\\lib\\router\\index.js:284:15\n    at Function.process_params (C:\\Users\\juanp\\OneDrive\\Escritorio\\Desafio-18-3er-Entrega\\node_modules\\express\\lib\\router\\index.js:346:12)"}
{"level":"error","message":"Este es el error al leer registros de BD:  Cannot read properties of undefined (reading 'leer')","stack":"TypeError: Cannot read properties of undefined (reading 'leer')\n    at Strategy._verify (file:///C:/Users/juanp/OneDrive/Escritorio/Desafio-18-3er-Entrega/servidorHBS.js:70:31)\n    at Strategy.authenticate (C:\\Users\\juanp\\OneDrive\\Escritorio\\Desafio-18-3er-Entrega\\node_modules\\passport-local\\lib\\strategy.js:88:12)\n    at attempt (C:\\Users\\juanp\\OneDrive\\Escritorio\\Desafio-18-3er-Entrega\\node_modules\\passport\\lib\\middleware\\authenticate.js:369:16)\n    at authenticate (C:\\Users\\juanp\\OneDrive\\Escritorio\\Desafio-18-3er-Entrega\\node_modules\\passport\\lib\\middleware\\authenticate.js:370:7)\n    at Layer.handle [as handle_request] (C:\\Users\\juanp\\OneDrive\\Escritorio\\Desafio-18-3er-Entrega\\node_modules\\express\\lib\\router\\layer.js:95:5)\n    at next (C:\\Users\\juanp\\OneDrive\\Escritorio\\Desafio-18-3er-Entrega\\node_modules\\express\\lib\\router\\route.js:144:13)\n    at done (C:\\Users\\juanp\\OneDrive\\Escritorio\\Desafio-18-3er-Entrega\\node_modules\\multer\\lib\\make-middleware.js:45:7)\n    at indicateDone (C:\\Users\\juanp\\OneDrive\\Escritorio\\Desafio-18-3er-Entrega\\node_modules\\multer\\lib\\make-middleware.js:49:68)\n    at C:\\Users\\juanp\\OneDrive\\Escritorio\\Desafio-18-3er-Entrega\\node_modules\\multer\\lib\\make-middleware.js:155:11\n    at WriteStream.<anonymous> (C:\\Users\\juanp\\OneDrive\\Escritorio\\Desafio-18-3er-Entrega\\node_modules\\multer\\storage\\disk.js:43:9)"}
{"level":"error","message":"Este es  el error al guardar usuarioNuevo:  Cannot read properties of undefined (reading 'guardar')","stack":"TypeError: Cannot read properties of undefined (reading 'guardar')\n    at Strategy._verify (file:///C:/Users/juanp/OneDrive/Escritorio/Desafio-18-3er-Entrega/servidorHBS.js:97:21)\n    at Strategy.authenticate (C:\\Users\\juanp\\OneDrive\\Escritorio\\Desafio-18-3er-Entrega\\node_modules\\passport-local\\lib\\strategy.js:88:12)\n    at attempt (C:\\Users\\juanp\\OneDrive\\Escritorio\\Desafio-18-3er-Entrega\\node_modules\\passport\\lib\\middleware\\authenticate.js:369:16)\n    at authenticate (C:\\Users\\juanp\\OneDrive\\Escritorio\\Desafio-18-3er-Entrega\\node_modules\\passport\\lib\\middleware\\authenticate.js:370:7)\n    at Layer.handle [as handle_request] (C:\\Users\\juanp\\OneDrive\\Escritorio\\Desafio-18-3er-Entrega\\node_modules\\express\\lib\\router\\layer.js:95:5)\n    at next (C:\\Users\\juanp\\OneDrive\\Escritorio\\Desafio-18-3er-Entrega\\node_modules\\express\\lib\\router\\route.js:144:13)\n    at done (C:\\Users\\juanp\\OneDrive\\Escritorio\\Desafio-18-3er-Entrega\\node_modules\\multer\\lib\\make-middleware.js:45:7)\n    at indicateDone (C:\\Users\\juanp\\OneDrive\\Escritorio\\Desafio-18-3er-Entrega\\node_modules\\multer\\lib\\make-middleware.js:49:68)\n    at C:\\Users\\juanp\\OneDrive\\Escritorio\\Desafio-18-3er-Entrega\\node_modules\\multer\\lib\\make-middleware.js:155:11\n    at WriteStream.<anonymous> (C:\\Users\\juanp\\OneDrive\\Escritorio\\Desafio-18-3er-Entrega\\node_modules\\multer\\storage\\disk.js:43:9)"}
{"level":"error","message":"USUARIO NO AUTENTICADO, DEBE LOGUEARSE"}
{"level":"error","message":"Este es  el error al leer usuario en logueo:  Cannot read properties of undefined (reading 'leer')","stack":"TypeError: Cannot read properties of undefined (reading 'leer')\n    at Strategy._verify (file:///C:/Users/juanp/OneDrive/Escritorio/Desafio-18-3er-Entrega/servidorHBS.js:110:31)\n    at Strategy.authenticate (C:\\Users\\juanp\\OneDrive\\Escritorio\\Desafio-18-3er-Entrega\\node_modules\\passport-local\\lib\\strategy.js:90:12)\n    at attempt (C:\\Users\\juanp\\OneDrive\\Escritorio\\Desafio-18-3er-Entrega\\node_modules\\passport\\lib\\middleware\\authenticate.js:369:16)\n    at authenticate (C:\\Users\\juanp\\OneDrive\\Escritorio\\Desafio-18-3er-Entrega\\node_modules\\passport\\lib\\middleware\\authenticate.js:370:7)\n    at Layer.handle [as handle_request] (C:\\Users\\juanp\\OneDrive\\Escritorio\\Desafio-18-3er-Entrega\\node_modules\\express\\lib\\router\\layer.js:95:5)\n    at next (C:\\Users\\juanp\\OneDrive\\Escritorio\\Desafio-18-3er-Entrega\\node_modules\\express\\lib\\router\\route.js:144:13)\n    at Route.dispatch (C:\\Users\\juanp\\OneDrive\\Escritorio\\Desafio-18-3er-Entrega\\node_modules\\express\\lib\\router\\route.js:114:3)\n    at Layer.handle [as handle_request] (C:\\Users\\juanp\\OneDrive\\Escritorio\\Desafio-18-3er-Entrega\\node_modules\\express\\lib\\router\\layer.js:95:5)\n    at C:\\Users\\juanp\\OneDrive\\Escritorio\\Desafio-18-3er-Entrega\\node_modules\\express\\lib\\router\\index.js:284:15\n    at Function.process_params (C:\\Users\\juanp\\OneDrive\\Escritorio\\Desafio-18-3er-Entrega\\node_modules\\express\\lib\\router\\index.js:346:12)"}
{"level":"error","message":"Este es el error al leer registros de BD:  Cannot read properties of undefined (reading 'leer')","stack":"TypeError: Cannot read properties of undefined (reading 'leer')\n    at Strategy._verify (file:///C:/Users/juanp/OneDrive/Escritorio/Desafio-18-3er-Entrega/servidorHBS.js:70:31)\n    at Strategy.authenticate (C:\\Users\\juanp\\OneDrive\\Escritorio\\Desafio-18-3er-Entrega\\node_modules\\passport-local\\lib\\strategy.js:88:12)\n    at attempt (C:\\Users\\juanp\\OneDrive\\Escritorio\\Desafio-18-3er-Entrega\\node_modules\\passport\\lib\\middleware\\authenticate.js:369:16)\n    at authenticate (C:\\Users\\juanp\\OneDrive\\Escritorio\\Desafio-18-3er-Entrega\\node_modules\\passport\\lib\\middleware\\authenticate.js:370:7)\n    at Layer.handle [as handle_request] (C:\\Users\\juanp\\OneDrive\\Escritorio\\Desafio-18-3er-Entrega\\node_modules\\express\\lib\\router\\layer.js:95:5)\n    at next (C:\\Users\\juanp\\OneDrive\\Escritorio\\Desafio-18-3er-Entrega\\node_modules\\express\\lib\\router\\route.js:144:13)\n    at done (C:\\Users\\juanp\\OneDrive\\Escritorio\\Desafio-18-3er-Entrega\\node_modules\\multer\\lib\\make-middleware.js:45:7)\n    at indicateDone (C:\\Users\\juanp\\OneDrive\\Escritorio\\Desafio-18-3er-Entrega\\node_modules\\multer\\lib\\make-middleware.js:49:68)\n    at C:\\Users\\juanp\\OneDrive\\Escritorio\\Desafio-18-3er-Entrega\\node_modules\\multer\\lib\\make-middleware.js:155:11\n    at WriteStream.<anonymous> (C:\\Users\\juanp\\OneDrive\\Escritorio\\Desafio-18-3er-Entrega\\node_modules\\multer\\storage\\disk.js:43:9)"}
{"level":"error","message":"Este es  el error al guardar usuarioNuevo:  Cannot read properties of undefined (reading 'guardar')","stack":"TypeError: Cannot read properties of undefined (reading 'guardar')\n    at Strategy._verify (file:///C:/Users/juanp/OneDrive/Escritorio/Desafio-18-3er-Entrega/servidorHBS.js:97:21)\n    at Strategy.authenticate (C:\\Users\\juanp\\OneDrive\\Escritorio\\Desafio-18-3er-Entrega\\node_modules\\passport-local\\lib\\strategy.js:88:12)\n    at attempt (C:\\Users\\juanp\\OneDrive\\Escritorio\\Desafio-18-3er-Entrega\\node_modules\\passport\\lib\\middleware\\authenticate.js:369:16)\n    at authenticate (C:\\Users\\juanp\\OneDrive\\Escritorio\\Desafio-18-3er-Entrega\\node_modules\\passport\\lib\\middleware\\authenticate.js:370:7)\n    at Layer.handle [as handle_request] (C:\\Users\\juanp\\OneDrive\\Escritorio\\Desafio-18-3er-Entrega\\node_modules\\express\\lib\\router\\layer.js:95:5)\n    at next (C:\\Users\\juanp\\OneDrive\\Escritorio\\Desafio-18-3er-Entrega\\node_modules\\express\\lib\\router\\route.js:144:13)\n    at done (C:\\Users\\juanp\\OneDrive\\Escritorio\\Desafio-18-3er-Entrega\\node_modules\\multer\\lib\\make-middleware.js:45:7)\n    at indicateDone (C:\\Users\\juanp\\OneDrive\\Escritorio\\Desafio-18-3er-Entrega\\node_modules\\multer\\lib\\make-middleware.js:49:68)\n    at C:\\Users\\juanp\\OneDrive\\Escritorio\\Desafio-18-3er-Entrega\\node_modules\\multer\\lib\\make-middleware.js:155:11\n    at WriteStream.<anonymous> (C:\\Users\\juanp\\OneDrive\\Escritorio\\Desafio-18-3er-Entrega\\node_modules\\multer\\storage\\disk.js:43:9)"}
{"level":"error","message":"Este es el error al leer registros de BD:  Cannot read properties of undefined (reading 'leer')","stack":"TypeError: Cannot read properties of undefined (reading 'leer')\n    at Strategy._verify (file:///C:/Users/juanp/OneDrive/Escritorio/Desafio-18-3er-Entrega/servidorHBS.js:70:31)\n    at Strategy.authenticate (C:\\Users\\juanp\\OneDrive\\Escritorio\\Desafio-18-3er-Entrega\\node_modules\\passport-local\\lib\\strategy.js:88:12)\n    at attempt (C:\\Users\\juanp\\OneDrive\\Escritorio\\Desafio-18-3er-Entrega\\node_modules\\passport\\lib\\middleware\\authenticate.js:369:16)\n    at authenticate (C:\\Users\\juanp\\OneDrive\\Escritorio\\Desafio-18-3er-Entrega\\node_modules\\passport\\lib\\middleware\\authenticate.js:370:7)\n    at Layer.handle [as handle_request] (C:\\Users\\juanp\\OneDrive\\Escritorio\\Desafio-18-3er-Entrega\\node_modules\\express\\lib\\router\\layer.js:95:5)\n    at next (C:\\Users\\juanp\\OneDrive\\Escritorio\\Desafio-18-3er-Entrega\\node_modules\\express\\lib\\router\\route.js:144:13)\n    at done (C:\\Users\\juanp\\OneDrive\\Escritorio\\Desafio-18-3er-Entrega\\node_modules\\multer\\lib\\make-middleware.js:45:7)\n    at indicateDone (C:\\Users\\juanp\\OneDrive\\Escritorio\\Desafio-18-3er-Entrega\\node_modules\\multer\\lib\\make-middleware.js:49:68)\n    at C:\\Users\\juanp\\OneDrive\\Escritorio\\Desafio-18-3er-Entrega\\node_modules\\multer\\lib\\make-middleware.js:155:11\n    at WriteStream.<anonymous> (C:\\Users\\juanp\\OneDrive\\Escritorio\\Desafio-18-3er-Entrega\\node_modules\\multer\\storage\\disk.js:43:9)"}
{"level":"error","message":"Este es  el error al guardar usuarioNuevo:  Cannot read properties of undefined (reading 'guardar')","stack":"TypeError: Cannot read properties of undefined (reading 'guardar')\n    at Strategy._verify (file:///C:/Users/juanp/OneDrive/Escritorio/Desafio-18-3er-Entrega/servidorHBS.js:97:21)\n    at Strategy.authenticate (C:\\Users\\juanp\\OneDrive\\Escritorio\\Desafio-18-3er-Entrega\\node_modules\\passport-local\\lib\\strategy.js:88:12)\n    at attempt (C:\\Users\\juanp\\OneDrive\\Escritorio\\Desafio-18-3er-Entrega\\node_modules\\passport\\lib\\middleware\\authenticate.js:369:16)\n    at authenticate (C:\\Users\\juanp\\OneDrive\\Escritorio\\Desafio-18-3er-Entrega\\node_modules\\passport\\lib\\middleware\\authenticate.js:370:7)\n    at Layer.handle [as handle_request] (C:\\Users\\juanp\\OneDrive\\Escritorio\\Desafio-18-3er-Entrega\\node_modules\\express\\lib\\router\\layer.js:95:5)\n    at next (C:\\Users\\juanp\\OneDrive\\Escritorio\\Desafio-18-3er-Entrega\\node_modules\\express\\lib\\router\\route.js:144:13)\n    at done (C:\\Users\\juanp\\OneDrive\\Escritorio\\Desafio-18-3er-Entrega\\node_modules\\multer\\lib\\make-middleware.js:45:7)\n    at indicateDone (C:\\Users\\juanp\\OneDrive\\Escritorio\\Desafio-18-3er-Entrega\\node_modules\\multer\\lib\\make-middleware.js:49:68)\n    at C:\\Users\\juanp\\OneDrive\\Escritorio\\Desafio-18-3er-Entrega\\node_modules\\multer\\lib\\make-middleware.js:155:11\n    at WriteStream.<anonymous> (C:\\Users\\juanp\\OneDrive\\Escritorio\\Desafio-18-3er-Entrega\\node_modules\\multer\\storage\\disk.js:43:9)"}
{"level":"error","message":"USUARIO NO AUTENTICADO, DEBE LOGUEARSE"}
{"level":"error","message":"Usuario no encontrado"}
{"level":"error","message":"Usuario no encontrado"}
